# JRE version: Java(TM) SE Runtime Environment (8.0_121-b13) (build 1.8.0_121-b13)
# Java VM: Java HotSpot(TM) 64-Bit Server VM (25.121-b13 mixed mode linux-amd64 compressed oops)
Heap:
 PSYoungGen      total 3414016K, used 0K [0x00000006c0000000, 0x00000007c0000000, 0x00000007c0000000)
  eden space 3193856K, 0% used [0x00000006c0000000,0x00000006c0000000,0x0000000782f00000)
  from space 220160K, 0% used [0x00000007b2900000,0x00000007b2900000,0x00000007c0000000)
  to   space 500224K, 0% used [0x0000000782f00000,0x0000000782f00000,0x00000007a1780000)
 ParOldGen       total 964608K, used 876470K [0x00000004c0000000, 0x00000004fae00000, 0x00000006c0000000)
  object space 964608K, 90% used [0x00000004c0000000,0x00000004f57eda28,0x00000004fae00000)
 Metaspace       used 98874K, capacity 100662K, committed 101248K, reserved 1136640K
  class space    used 13406K, capacity 14212K, committed 14464K, reserved 1048576K
GC Heap History (10 events):
Event: 62,624 GC heap after
Heap after GC invocations=33 (full 7):
 PSYoungGen      total 3961344K, used 148304K [0x00000006c0000000, 0x00000007c0000000, 0x00000007c0000000)
  eden space 3747840K, 0% used [0x00000006c0000000,0x00000006c0000000,0x00000007a4c00000)
  from space 213504K, 69% used [0x00000007b2f80000,0x00000007bc054398,0x00000007c0000000)
  to   space 223232K, 0% used [0x00000007a4c00000,0x00000007a4c00000,0x00000007b2600000)
 ParOldGen       total 548352K, used 228163K [0x00000004c0000000, 0x00000004e1780000, 0x00000006c0000000)
  object space 548352K, 41% used [0x00000004c0000000,0x00000004cded0cb8,0x00000004e1780000)
 Metaspace       used 98430K, capacity 100188K, committed 100992K, reserved 1136640K
  class space    used 13372K, capacity 14169K, committed 14464K, reserved 1048576K
}
Event: 63,957 GC heap before
{Heap before GC invocations=34 (full 7):
 PSYoungGen      total 3961344K, used 3896144K [0x00000006c0000000, 0x00000007c0000000, 0x00000007c0000000)
  eden space 3747840K, 100% used [0x00000006c0000000,0x00000007a4c00000,0x00000007a4c00000)
  from space 213504K, 69% used [0x00000007b2f80000,0x00000007bc054398,0x00000007c0000000)
  to   space 223232K, 0% used [0x00000007a4c00000,0x00000007a4c00000,0x00000007b2600000)
 ParOldGen       total 548352K, used 228163K [0x00000004c0000000, 0x00000004e1780000, 0x00000006c0000000)
  object space 548352K, 41% used [0x00000004c0000000,0x00000004cded0cb8,0x00000004e1780000)
 Metaspace       used 98465K, capacity 100194K, committed 100992K, reserved 1136640K
  class space    used 13373K, capacity 14170K, committed 14464K, reserved 1048576K
Event: 63,992 GC heap after
Heap after GC invocations=34 (full 7):
 PSYoungGen      total 3841024K, used 93077K [0x00000006c0000000, 0x00000007bf080000, 0x00000007c0000000)
  eden space 3747840K, 0% used [0x00000006c0000000,0x00000006c0000000,0x00000007a4c00000)
  from space 93184K, 99% used [0x00000007a4c00000,0x00000007aa6e5738,0x00000007aa700000)
  to   space 210432K, 0% used [0x00000007b2300000,0x00000007b2300000,0x00000007bf080000)
 ParOldGen       total 548352K, used 239466K [0x00000004c0000000, 0x00000004e1780000, 0x00000006c0000000)
  object space 548352K, 43% used [0x00000004c0000000,0x00000004ce9da8b8,0x00000004e1780000)
 Metaspace       used 98465K, capacity 100194K, committed 100992K, reserved 1136640K
  class space    used 13373K, capacity 14170K, committed 14464K, reserved 1048576K
}
Event: 65,907 GC heap before
{Heap before GC invocations=35 (full 7):
 PSYoungGen      total 3841024K, used 3840917K [0x00000006c0000000, 0x00000007bf080000, 0x00000007c0000000)
  eden space 3747840K, 100% used [0x00000006c0000000,0x00000007a4c00000,0x00000007a4c00000)
  from space 93184K, 99% used [0x00000007a4c00000,0x00000007aa6e5738,0x00000007aa700000)
  to   space 210432K, 0% used [0x00000007b2300000,0x00000007b2300000,0x00000007bf080000)
 ParOldGen       total 548352K, used 239471K [0x00000004c0000000, 0x00000004e1780000, 0x00000006c0000000)
  object space 548352K, 43% used [0x00000004c0000000,0x00000004ce9dbde8,0x00000004e1780000)
 Metaspace       used 98517K, capacity 100270K, committed 100992K, reserved 1136640K
  class space    used 13374K, capacity 14172K, committed 14464K, reserved 1048576K
Event: 65,946 GC heap after
Heap after GC invocations=35 (full 7):
 PSYoungGen      total 3951104K, used 168749K [0x00000006c0000000, 0x00000007c0000000, 0x00000007c0000000)
  eden space 3740672K, 0% used [0x00000006c0000000,0x00000006c0000000,0x00000007a4500000)
  from space 210432K, 80% used [0x00000007b2300000,0x00000007bc7cb5a0,0x00000007bf080000)
  to   space 226816K, 0% used [0x00000007a4500000,0x00000007a4500000,0x00000007b2280000)
 ParOldGen       total 548352K, used 248518K [0x00000004c0000000, 0x00000004e1780000, 0x00000006c0000000)
  object space 548352K, 45% used [0x00000004c0000000,0x00000004cf2b1bf0,0x00000004e1780000)
 Metaspace       used 98517K, capacity 100270K, committed 100992K, reserved 1136640K
  class space    used 13374K, capacity 14172K, committed 14464K, reserved 1048576K
}
Event: 67,009 GC heap before
{Heap before GC invocations=36 (full 7):
 PSYoungGen      total 3951104K, used 3909421K [0x00000006c0000000, 0x00000007c0000000, 0x00000007c0000000)
  eden space 3740672K, 100% used [0x00000006c0000000,0x00000007a4500000,0x00000007a4500000)
  from space 210432K, 80% used [0x00000007b2300000,0x00000007bc7cb5a0,0x00000007bf080000)
  to   space 226816K, 0% used [0x00000007a4500000,0x00000007a4500000,0x00000007b2280000)
 ParOldGen       total 548352K, used 250546K [0x00000004c0000000, 0x00000004e1780000, 0x00000006c0000000)
  object space 548352K, 45% used [0x00000004c0000000,0x00000004cf4acaf8,0x00000004e1780000)
 Metaspace       used 98528K, capacity 100270K, committed 100992K, reserved 1136640K
  class space    used 13374K, capacity 14172K, committed 14464K, reserved 1048576K
Event: 67,058 GC heap after
Heap after GC invocations=36 (full 7):
 PSYoungGen      total 3967488K, used 117195K [0x00000006c0000000, 0x00000007c0000000, 0x00000007c0000000)
  eden space 3740672K, 0% used [0x00000006c0000000,0x00000006c0000000,0x00000007a4500000)
  from space 226816K, 51% used [0x00000007a4500000,0x00000007ab772d68,0x00000007b2280000)
  to   space 220160K, 0% used [0x00000007b2900000,0x00000007b2900000,0x00000007c0000000)
 ParOldGen       total 548352K, used 253556K [0x00000004c0000000, 0x00000004e1780000, 0x00000006c0000000)
  object space 548352K, 46% used [0x00000004c0000000,0x00000004cf79d068,0x00000004e1780000)
 Metaspace       used 98528K, capacity 100270K, committed 100992K, reserved 1136640K
  class space    used 13374K, capacity 14172K, committed 14464K, reserved 1048576K
}
Event: 69,056 GC heap before
{Heap before GC invocations=37 (full 7):
 PSYoungGen      total 3967488K, used 3833581K [0x00000006c0000000, 0x00000007c0000000, 0x00000007c0000000)
  eden space 3740672K, 99% used [0x00000006c0000000,0x00000007a2d486b0,0x00000007a4500000)
  from space 226816K, 51% used [0x00000007a4500000,0x00000007ab772d68,0x00000007b2280000)
  to   space 220160K, 0% used [0x00000007b2900000,0x00000007b2900000,0x00000007c0000000)
 ParOldGen       total 548352K, used 286324K [0x00000004c0000000, 0x00000004e1780000, 0x00000006c0000000)
  object space 548352K, 52% used [0x00000004c0000000,0x00000004d179d078,0x00000004e1780000)
 Metaspace       used 98881K, capacity 100680K, committed 101248K, reserved 1136640K
  class space    used 13407K, capacity 14215K, committed 14464K, reserved 1048576K
Event: 69,226 GC heap after
Heap after GC invocations=37 (full 7):
 PSYoungGen      total 3414016K, used 220151K [0x00000006c0000000, 0x00000007c0000000, 0x00000007c0000000)
  eden space 3193856K, 0% used [0x00000006c0000000,0x00000006c0000000,0x0000000782f00000)
  from space 220160K, 99% used [0x00000007b2900000,0x00000007bfffdfa8,0x00000007c0000000)
  to   space 500224K, 0% used [0x0000000782f00000,0x0000000782f00000,0x00000007a1780000)
 ParOldGen       total 964608K, used 958407K [0x00000004c0000000, 0x00000004fae00000, 0x00000006c0000000)
  object space 964608K, 99% used [0x00000004c0000000,0x00000004fa7f1cd8,0x00000004fae00000)
 Metaspace       used 98881K, capacity 100680K, committed 101248K, reserved 1136640K
  class space    used 13407K, capacity 14215K, committed 14464K, reserved 1048576K
}
Event: 69,226 GC heap before
{Heap before GC invocations=38 (full 8):
 PSYoungGen      total 3414016K, used 220151K [0x00000006c0000000, 0x00000007c0000000, 0x00000007c0000000)
  eden space 3193856K, 0% used [0x00000006c0000000,0x00000006c0000000,0x0000000782f00000)
  from space 220160K, 99% used [0x00000007b2900000,0x00000007bfffdfa8,0x00000007c0000000)
  to   space 500224K, 0% used [0x0000000782f00000,0x0000000782f00000,0x00000007a1780000)
 ParOldGen       total 964608K, used 958407K [0x00000004c0000000, 0x00000004fae00000, 0x00000006c0000000)
  object space 964608K, 99% used [0x00000004c0000000,0x00000004fa7f1cd8,0x00000004fae00000)
 Metaspace       used 98881K, capacity 100680K, committed 101248K, reserved 1136640K
  class space    used 13407K, capacity 14215K, committed 14464K, reserved 1048576K

